0 info it worked if it ends with ok
1 verbose cli [ 'node', '/usr/local/bin/npm', 'publish' ]
2 info using npm@3.3.0
3 info using node@v0.12.7
4 verbose publish [ '.' ]
5 silly cache add args [ '.', null ]
6 verbose cache add spec .
7 silly cache add parsed spec { raw: '.',
7 silly cache add   scope: null,
7 silly cache add   name: null,
7 silly cache add   rawSpec: '.',
7 silly cache add   spec: '/Volumes/Code/combiner',
7 silly cache add   type: 'directory' }
8 verbose addLocalDirectory /Users/brie/.npm/combiner/1.0.1/package.tgz not in flight; packing
9 info prepublish combiner@1.0.1
10 verbose tar pack [ '/Users/brie/.npm/combiner/1.0.1/package.tgz',
10 verbose tar pack   '/Volumes/Code/combiner' ]
11 verbose tarball /Users/brie/.npm/combiner/1.0.1/package.tgz
12 verbose folder /Volumes/Code/combiner
13 verbose addLocalTarball adding from inside cache /Users/brie/.npm/combiner/1.0.1/package.tgz
14 silly cache afterAdd combiner@1.0.1
15 verbose afterAdd /Users/brie/.npm/combiner/1.0.1/package/package.json not in flight; writing
16 verbose afterAdd /Users/brie/.npm/combiner/1.0.1/package/package.json written
17 silly publish { name: 'combiner',
17 silly publish   version: '1.0.1',
17 silly publish   description: 'A piece of middleware for node/express servers that combines dependent JavaScript and CSS into single files as needed for a given page',
17 silly publish   main: 'Combiner.js',
17 silly publish   dependencies:
17 silly publish    { 'ansi-regex': '^2.0.0',
17 silly publish      'ansi-styles': '^2.1.0',
17 silly publish      asn1: '^0.1.11',
17 silly publish      'assert-plus': '^0.1.5',
17 silly publish      async: '^1.4.2',
17 silly publish      'aws-sign2': '^0.5.0',
17 silly publish      bl: '^1.0.0',
17 silly publish      bluebird: '^2.9.34',
17 silly publish      boom: '^2.8.0',
17 silly publish      caseless: '^0.11.0',
17 silly publish      chalk: '^1.1.0',
17 silly publish      'combined-stream': '^1.0.5',
17 silly publish      commander: '^2.8.1',
17 silly publish      'core-util-is': '^1.0.1',
17 silly publish      cryptiles: '^2.0.4',
17 silly publish      ctype: '^0.5.3',
17 silly publish      debug: '^2.2.0',
17 silly publish      'delayed-stream': '^1.0.0',
17 silly publish      'escape-string-regexp': '^1.0.3',
17 silly publish      extend: '^3.0.0',
17 silly publish      'forever-agent': '^0.6.1',
17 silly publish      'form-data': '^1.0.0-rc3',
17 silly publish      'generate-function': '^2.0.0',
17 silly publish      'generate-object-property': '^1.2.0',
17 silly publish      'graceful-readlink': '^1.0.1',
17 silly publish      'har-validator': '^1.8.0',
17 silly publish      'has-ansi': '^2.0.0',
17 silly publish      hawk: '^3.1.0',
17 silly publish      hoek: '^2.14.0',
17 silly publish      'http-signature': '^0.11.0',
17 silly publish      inherits: '^2.0.1',
17 silly publish      'is-my-json-valid': '^2.12.1',
17 silly publish      'is-property': '^1.0.2',
17 silly publish      'isa-lib': '0.0.6',
17 silly publish      isarray: '^0.0.1',
17 silly publish      isstream: '^0.1.2',
17 silly publish      'json-stringify-safe': '^5.0.1',
17 silly publish      jsonpointer: '^1.1.0',
17 silly publish      less: '^2.5.1',
17 silly publish      'mime-db': '^1.16.0',
17 silly publish      'mime-types': '^2.1.4',
17 silly publish      mkdirp: '^0.5.1',
17 silly publish      'node-csi': '^1.0.4',
17 silly publish      'node-sass': '^3.2.0',
17 silly publish      'node-uuid': '^1.4.3',
17 silly publish      'oauth-sign': '^0.8.0',
17 silly publish      'process-nextick-args': '^1.0.2',
17 silly publish      q: '^1.4.1',
17 silly publish      qs: '^4.0.0',
17 silly publish      'readable-stream': '^2.0.2',
17 silly publish      request: '^2.60.0',
17 silly publish      sntp: '^1.0.9',
17 silly publish      string_decoder: '^0.10.31',
17 silly publish      stringstream: '^0.0.4',
17 silly publish      'strip-ansi': '^3.0.0',
17 silly publish      'supports-color': '^2.0.0',
17 silly publish      synchronize: '^0.9.14',
17 silly publish      'tough-cookie': '^2.0.0',
17 silly publish      'tunnel-agent': '^0.4.1',
17 silly publish      'util-deprecate': '^1.0.1',
17 silly publish      xtend: '^4.0.0' },
17 silly publish   devDependencies: {},
17 silly publish   scripts: { test: 'echo "Error: no test specified" && exit 1' },
17 silly publish   repository:
17 silly publish    { type: 'git',
17 silly publish      url: 'git+https://github.com/nyteshade/combiner.git' },
17 silly publish   keywords: [ 'combiner', 'css', 'js', 'single-file' ],
17 silly publish   author: { name: 'Brielle Harrison' },
17 silly publish   license: 'MIT',
17 silly publish   bugs: { url: 'https://github.com/nyteshade/combiner/issues' },
17 silly publish   homepage: 'https://github.com/nyteshade/combiner#readme',
17 silly publish   readme: '# Combiner\nExpress Middleware system for Combining CSS and JS files and their dependencies as single downloads\n\n**Work in Progress**\n\n\n',
17 silly publish   readmeFilename: 'README.md',
17 silly publish   gitHead: '6e450dd549d7fe957e67db7a2f6a878446b4ab55',
17 silly publish   _id: 'combiner@1.0.1',
17 silly publish   _shasum: '264303d0bf0c31406fc1eedaf2779fba57af2a2e',
17 silly publish   _from: '.' }
18 verbose getPublishConfig undefined
19 silly mapToRegistry name combiner
20 silly mapToRegistry using default registry
21 silly mapToRegistry registry https://registry.npmjs.org/
22 silly mapToRegistry uri https://registry.npmjs.org/combiner
23 verbose publish registryBase https://registry.npmjs.org/
24 silly publish uploading /Users/brie/.npm/combiner/1.0.1/package.tgz
25 verbose request uri https://registry.npmjs.org/combiner
26 verbose request sending authorization for write operation
27 info attempt registry request try #1 at 1:10:05 AM
28 verbose request using bearer token for auth
29 verbose request id 6d170327ed631150
30 http request PUT https://registry.npmjs.org/combiner
31 http 403 https://registry.npmjs.org/combiner
32 verbose headers { 'content-type': 'application/json',
32 verbose headers   'cache-control': 'max-age=60',
32 verbose headers   'content-length': '100',
32 verbose headers   'accept-ranges': 'bytes',
32 verbose headers   date: 'Tue, 18 Aug 2015 08:10:06 GMT',
32 verbose headers   via: '1.1 varnish',
32 verbose headers   connection: 'keep-alive',
32 verbose headers   'x-served-by': 'cache-lax1421-LAX',
32 verbose headers   'x-cache': 'MISS',
32 verbose headers   'x-cache-hits': '0',
32 verbose headers   'x-timer': 'S1439885405.660940,VS0,VE793' }
33 verbose request invalidating /Users/brie/.npm/registry.npmjs.org/combiner on PUT
34 error publish Failed PUT 403
35 verbose stack Error: You do not have permission to publish 'combiner'. Are you logged in as the correct user? : combiner
35 verbose stack     at makeError (/usr/local/lib/node_modules/npm/node_modules/npm-registry-client/lib/request.js:263:12)
35 verbose stack     at CachingRegistryClient.<anonymous> (/usr/local/lib/node_modules/npm/node_modules/npm-registry-client/lib/request.js:251:14)
35 verbose stack     at Request._callback (/usr/local/lib/node_modules/npm/node_modules/npm-registry-client/lib/request.js:171:14)
35 verbose stack     at Request.self.callback (/usr/local/lib/node_modules/npm/node_modules/request/request.js:198:22)
35 verbose stack     at Request.emit (events.js:110:17)
35 verbose stack     at Request.<anonymous> (/usr/local/lib/node_modules/npm/node_modules/request/request.js:1057:14)
35 verbose stack     at Request.emit (events.js:129:20)
35 verbose stack     at IncomingMessage.<anonymous> (/usr/local/lib/node_modules/npm/node_modules/request/request.js:1003:12)
35 verbose stack     at IncomingMessage.emit (events.js:129:20)
35 verbose stack     at _stream_readable.js:908:16
36 verbose statusCode 403
37 verbose pkgid combiner
38 verbose cwd /Volumes/Code/combiner
39 error Darwin 14.5.0
40 error argv "node" "/usr/local/bin/npm" "publish"
41 error node v0.12.7
42 error npm  v3.3.0
43 error code E403
44 error You do not have permission to publish 'combiner'. Are you logged in as the correct user? : combiner
45 error If you need help, you may report this error at:
45 error     <https://github.com/npm/npm/issues>
46 verbose exit [ 1, true ]
